0 info it worked if it ends with ok
1 verbose cli [ '/usr/local/bin/node', '/usr/local/bin/npm', 'publish' ]
2 info using npm@3.8.9
3 info using node@v6.2.0
4 verbose publish [ '.' ]
5 silly cache add args [ '.', null ]
6 verbose cache add spec .
7 silly cache add parsed spec Result {
7 silly cache add   raw: '.',
7 silly cache add   scope: null,
7 silly cache add   name: null,
7 silly cache add   rawSpec: '.',
7 silly cache add   spec: '/Users/nigel/Dropbox/Projects/debug-rpg',
7 silly cache add   type: 'directory' }
8 verbose addLocalDirectory /Users/nigel/.npm/debug-rpg/1.0.0/package.tgz not in flight; packing
9 verbose correctMkdir /Users/nigel/.npm correctMkdir not in flight; initializing
10 info lifecycle debug-rpg@1.0.0~prepublish: debug-rpg@1.0.0
11 silly lifecycle debug-rpg@1.0.0~prepublish: no script for prepublish, continuing
12 verbose tar pack [ '/Users/nigel/.npm/debug-rpg/1.0.0/package.tgz',
12 verbose tar pack   '/Users/nigel/Dropbox/Projects/debug-rpg' ]
13 verbose tarball /Users/nigel/.npm/debug-rpg/1.0.0/package.tgz
14 verbose folder /Users/nigel/Dropbox/Projects/debug-rpg
15 verbose addLocalTarball adding from inside cache /Users/nigel/.npm/debug-rpg/1.0.0/package.tgz
16 verbose correctMkdir /Users/nigel/.npm correctMkdir not in flight; initializing
17 silly cache afterAdd debug-rpg@1.0.0
18 verbose afterAdd /Users/nigel/.npm/debug-rpg/1.0.0/package/package.json not in flight; writing
19 verbose correctMkdir /Users/nigel/.npm correctMkdir not in flight; initializing
20 verbose afterAdd /Users/nigel/.npm/debug-rpg/1.0.0/package/package.json written
21 silly publish { name: 'debug-rpg',
21 silly publish   version: '1.0.0',
21 silly publish   description: 'An incremental game for your terminal.',
21 silly publish   main: 'index.js',
21 silly publish   keywords: [ 'debug', 'rpg', 'incremental', 'game', 'fun', 'terminal' ],
21 silly publish   repository:
21 silly publish    { type: 'git',
21 silly publish      url: 'git+https://github.com/Nigelmnz/debug-rpg.git' },
21 silly publish   author: { name: 'Nigel Munoz' },
21 silly publish   license: 'MIT',
21 silly publish   dependencies: { colors: '^1.1.2', keypress: '^0.2.1', 'log-update': '^1.0.2' },
21 silly publish   readme: '# Debug-RPG\n\nIn this incremental game, you are the lead developer for a tiny and new startup, HipsterTech.\nYou hate it. Officially, while your job is to write code, you only get paid when you debug something. You are paid 2$ per bug solved.\nFurther, the codebase is absolutely terrible. It\'s constantly generating bugs, the larger it becomes, the more bugs it generates. The CEO is also constantly watching. If you ever have more than 500 unsolved bugs, you will fired immediately.\n\nEventually, you decide you\'ve had enough, so you tell Carol in HR that you are quitting in 30 days. You want to make as much cash as possible before leaving, but you aren\'t motivated to do much for HipsterTech. Maybe you can outsource?\n\n![Action-packed Gameplay!](http://nigelmnz.com/images/debug-rpg.png)\n\n## Installation\n\n    npm install -g debug-rpg\n',
21 silly publish   readmeFilename: 'readme.md',
21 silly publish   gitHead: '86983d0d96eeaa818ede1a2755fffa08411a6d01',
21 silly publish   bugs: { url: 'https://github.com/Nigelmnz/debug-rpg/issues' },
21 silly publish   homepage: 'https://github.com/Nigelmnz/debug-rpg#readme',
21 silly publish   _id: 'debug-rpg@1.0.0',
21 silly publish   scripts: {},
21 silly publish   _shasum: 'd2ec7de5e929f794fd6729fe16c2c2f1b2587e45',
21 silly publish   _from: '.' }
22 verbose getPublishConfig undefined
23 silly mapToRegistry name debug-rpg
24 silly mapToRegistry using default registry
25 silly mapToRegistry registry https://registry.npmjs.org/
26 silly mapToRegistry data Result {
26 silly mapToRegistry   raw: 'debug-rpg',
26 silly mapToRegistry   scope: null,
26 silly mapToRegistry   name: 'debug-rpg',
26 silly mapToRegistry   rawSpec: '',
26 silly mapToRegistry   spec: 'latest',
26 silly mapToRegistry   type: 'tag' }
27 silly mapToRegistry uri https://registry.npmjs.org/debug-rpg
28 verbose publish registryBase https://registry.npmjs.org/
29 silly publish uploading /Users/nigel/.npm/debug-rpg/1.0.0/package.tgz
30 verbose request uri https://registry.npmjs.org/debug-rpg
31 verbose request sending authorization for write operation
32 info attempt registry request try #1 at 11:24:19 PM
33 verbose request using bearer token for auth
34 verbose request id 2ce174a3bc9384ca
35 http request PUT https://registry.npmjs.org/debug-rpg
36 http 403 https://registry.npmjs.org/debug-rpg
37 verbose headers { 'content-type': 'application/json',
37 verbose headers   'cache-control': 'max-age=300',
37 verbose headers   'content-length': '95',
37 verbose headers   'accept-ranges': 'bytes',
37 verbose headers   date: 'Thu, 26 May 2016 03:24:19 GMT',
37 verbose headers   via: '1.1 varnish',
37 verbose headers   connection: 'keep-alive',
37 verbose headers   'x-served-by': 'cache-jfk1021-JFK',
37 verbose headers   'x-cache': 'MISS',
37 verbose headers   'x-cache-hits': '0',
37 verbose headers   'x-timer': 'S1464233059.193584,VS0,VE621',
37 verbose headers   vary: 'Accept-Encoding' }
38 verbose request invalidating /Users/nigel/.npm/registry.npmjs.org/debug-rpg on PUT
39 error publish Failed PUT 403
40 verbose stack Error: "You cannot publish over the previously published version 1.0.0." : debug-rpg
40 verbose stack     at makeError (/usr/local/lib/node_modules/npm/node_modules/npm-registry-client/lib/request.js:264:12)
40 verbose stack     at CachingRegistryClient.<anonymous> (/usr/local/lib/node_modules/npm/node_modules/npm-registry-client/lib/request.js:252:14)
40 verbose stack     at Request._callback (/usr/local/lib/node_modules/npm/node_modules/npm-registry-client/lib/request.js:172:14)
40 verbose stack     at Request.self.callback (/usr/local/lib/node_modules/npm/node_modules/request/request.js:200:22)
40 verbose stack     at emitTwo (events.js:106:13)
40 verbose stack     at Request.emit (events.js:191:7)
40 verbose stack     at Request.<anonymous> (/usr/local/lib/node_modules/npm/node_modules/request/request.js:1067:10)
40 verbose stack     at emitOne (events.js:101:20)
40 verbose stack     at Request.emit (events.js:188:7)
40 verbose stack     at IncomingMessage.<anonymous> (/usr/local/lib/node_modules/npm/node_modules/request/request.js:988:12)
41 verbose statusCode 403
42 verbose pkgid debug-rpg
43 verbose cwd /Users/nigel/Dropbox/Projects/debug-rpg
44 error Darwin 15.3.0
45 error argv "/usr/local/bin/node" "/usr/local/bin/npm" "publish"
46 error node v6.2.0
47 error npm  v3.8.9
48 error code E403
49 error "You cannot publish over the previously published version 1.0.0." : debug-rpg
50 error If you need help, you may report this error at:
50 error     <https://github.com/npm/npm/issues>
51 verbose exit [ 1, true ]
